2025-07-16 02:03:41 +0000  Initial pipeline context: <IDEDistributionProcessingPipelineContext: 0x7f8e0c411e70; archive(resolved)="<IDEArchive: 0x6000ce644c00>", distributionTask(resolved)="2", distributionDestination(resolved)="1", distributionMethod(resolved)="<IDEDistributionMethodiOSAdHoc: 0x6000640c4820>", team(resolved)="<IDEProvisioningDisambiguatableBasicTeam: 0x60002ddeabc0; teamID='2WULUBTL4D', teamName='ANTONIO DURÁN MINGORANCE', teamType='Individual', username='antonio6142@hotmail.com', isFreeProvisioningTeam='0'>">
	Chain (14, self inclusive):
	<IDEDistributionProcessingPipelineContext: 0x7f8e0c411e70; archive = "<IDEArchive: 0x6000ce644c00>", distributionMethod="<IDEDistributionMethodiOSAdHoc: 0x6000640c4820>", team="<IDEProvisioningDisambiguatableBasicTeam: 0x60002ddeabc0; teamID='2WULUBTL4D', teamName='ANTONIO DURÁN MINGORANCE', teamType='Individual', username='antonio6142@hotmail.com', isFreeProvisioningTeam='0'>">
	<IDEDistributionProcessingPipelineContext: 0x7f8d75917a10; archive = "<IDEArchive: 0x6000ce644c00>", distributionMethod="<IDEDistributionMethodiOSAdHoc: 0x6000640c4820>", team="<IDEProvisioningDisambiguatableBasicTeam: 0x60002ddeabc0; teamID='2WULUBTL4D', teamName='ANTONIO DURÁN MINGORANCE', teamType='Individual', username='antonio6142@hotmail.com', isFreeProvisioningTeam='0'>">
	<IDEDistributionContext: 0x7f8d74270090; archive = "<IDEArchive: 0x6000ce644c00>", distributionMethod="<IDEDistributionMethodiOSAdHoc: 0x6000640c4820>", team="<IDEProvisioningDisambiguatableBasicTeam: 0x60002ddeabc0; teamID='2WULUBTL4D', teamName='ANTONIO DURÁN MINGORANCE', teamType='Individual', username='antonio6142@hotmail.com', isFreeProvisioningTeam='0'>">
	<IDEDistributionContext: 0x7f8deb12bb30; archive = "<IDEArchive: 0x6000ce644c00>", distributionMethod="<IDEDistributionMethodiOSAdHoc: 0x6000640c4820>", team="<IDEProvisioningDisambiguatableBasicTeam: 0x60002ddeabc0; teamID='2WULUBTL4D', teamName='ANTONIO DURÁN MINGORANCE', teamType='Individual', username='antonio6142@hotmail.com', isFreeProvisioningTeam='0'>">
	<IDEDistributionContext: 0x7f8d65adc9c0; archive = "<IDEArchive: 0x6000ce644c00>", distributionMethod="<IDEDistributionMethodiOSAdHoc: 0x6000640c4820>", team="<IDEProvisioningDisambiguatableBasicTeam: 0x60002ddeabc0; teamID='2WULUBTL4D', teamName='ANTONIO DURÁN MINGORANCE', teamType='Individual', username='antonio6142@hotmail.com', isFreeProvisioningTeam='0'>">
	<IDEDistributionContext: 0x7f8d75ef6a40; archive = "<IDEArchive: 0x6000ce644c00>", distributionMethod="<IDEDistributionMethodiOSAdHoc: 0x6000640c4820>", team="<IDEProvisioningDisambiguatableBasicTeam: 0x60002ddeabc0; teamID='2WULUBTL4D', teamName='ANTONIO DURÁN MINGORANCE', teamType='Individual', username='antonio6142@hotmail.com', isFreeProvisioningTeam='0'>">
	<IDEDistributionContext: 0x7f8d63f8d100; archive = "<IDEArchive: 0x6000ce644c00>", distributionMethod="<IDEDistributionMethodiOSAdHoc: 0x6000640c4820>", team="<IDEProvisioningDisambiguatableBasicTeam: 0x60002ddeabc0; teamID='2WULUBTL4D', teamName='ANTONIO DURÁN MINGORANCE', teamType='Individual', username='antonio6142@hotmail.com', isFreeProvisioningTeam='0'>">
	<IDEDistributionContext: 0x7f8d782e4400; archive = "<IDEArchive: 0x6000ce644c00>", distributionMethod="<IDEDistributionMethodiOSAdHoc: 0x6000640c4820>", team="<IDEProvisioningDisambiguatableBasicTeam: 0x60002ddeabc0; teamID='2WULUBTL4D', teamName='ANTONIO DURÁN MINGORANCE', teamType='Individual', username='antonio6142@hotmail.com', isFreeProvisioningTeam='0'>">
	<IDEDistributionContext: 0x7f8e477b3a10; archive = "<IDEArchive: 0x6000ce644c00>", distributionMethod="<IDEDistributionMethodiOSAdHoc: 0x6000640c4820>", team="<IDEProvisioningDisambiguatableBasicTeam: 0x60002ddeabc0; teamID='2WULUBTL4D', teamName='ANTONIO DURÁN MINGORANCE', teamType='Individual', username='antonio6142@hotmail.com', isFreeProvisioningTeam='0'>">
	<IDEDistributionContext: 0x7f8d741ba4c0; archive = "<IDEArchive: 0x6000ce644c00>", distributionMethod="<IDEDistributionMethodiOSAdHoc: 0x6000640c4820>", team="(null)">
	<IDEDistributionContext: 0x7f8d7137b9c0; archive = "<IDEArchive: 0x6000ce644c00>", distributionMethod="<IDEDistributionMethodiOSAdHoc: 0x6000640c4820>", team="(null)">
	<IDEDistributionContext: 0x7f8e131391e0; archive = "<IDEArchive: 0x6000ce644c00>", distributionMethod="<IDEDistributionMethodiOSAdHoc: 0x6000640c4820>", team="(null)">
	<IDEDistributionContext: 0x7f8de41a8ab0; archive = "<IDEArchive: 0x6000ce644c00>", distributionMethod="<IDEDistributionMethodiOSAdHoc: 0x6000640c4820>", team="(null)">
	<IDEDistributionContext: 0x7f8d63cfb550; archive = "<IDEArchive: 0x6000ce644c00>", distributionMethod="(null)", team="(null)">
</IDEDistributionProcessingPipelineContext: 0x7f8e0c411e70>
2025-07-16 02:03:41 +0000  Processing step: IDEDistributionCreateDestRootStep
2025-07-16 02:03:41 +0000  Processing step: IDEDistributionCopyItemStep
2025-07-16 02:03:41 +0000  Running /usr/bin/ditto '-V' '/Users/SAGADURAN/Library/Developer/Xcode/Archives/2025-07-16/APP 16-7-25, 03.53.xcarchive/Products/Applications/APP.app' '/var/folders/3d/1mmtxqrs7_s3r9dg4m9s4q8m0000gp/T/XcodeDistPipeline.~~~fhWrWm/Root/Payload/APP.app'
2025-07-16 02:03:41 +0000  >>> Copying /Users/SAGADURAN/Library/Developer/Xcode/Archives/2025-07-16/APP 16-7-25, 03.53.xcarchive/Products/Applications/APP.app 
2025-07-16 02:03:41 +0000  copying file ./_CodeSignature/CodeResources ... 
2025-07-16 02:03:41 +0000  2815 bytes for ./_CodeSignature/CodeResources
2025-07-16 02:03:41 +0000  copying file ./yavale.momd/VersionInfo.plist ... 
2025-07-16 02:03:41 +0000  193 bytes for ./yavale.momd/VersionInfo.plist
2025-07-16 02:03:41 +0000  copying file ./yavale.momd/yavale.mom ... 
2025-07-16 02:03:41 +0000  1312 bytes for ./yavale.momd/yavale.mom
2025-07-16 02:03:41 +0000  copying file ./yavale.momd/yavale.omo ... 
2025-07-16 02:03:41 +0000  1944 bytes for ./yavale.momd/yavale.omo
2025-07-16 02:03:41 +0000  copying file ./APP ... 
2025-07-16 02:03:41 +0000  124464 bytes for ./APP
2025-07-16 02:03:41 +0000  copying file ./embedded.mobileprovision ... 
16472 bytes for ./embedded.mobileprovision
copying file ./Info.plist ... 
2025-07-16 02:03:41 +0000  1205 bytes for ./Info.plist
2025-07-16 02:03:41 +0000  copying file ./PkgInfo ... 
2025-07-16 02:03:41 +0000  8 bytes for ./PkgInfo
2025-07-16 02:03:41 +0000  /usr/bin/ditto exited with 0
2025-07-16 02:03:41 +0000  Processing step: IDEDistributionEmbedProfileStep
2025-07-16 02:03:41 +0000  Processing step: IDEDistributionInfoPlistStep
2025-07-16 02:03:41 +0000  Skipping step: IDEDistributionInfoPlistStep because it said so
2025-07-16 02:03:41 +0000  Processing step: IDEDistributionAppThinningPlistStep
2025-07-16 02:03:41 +0000  Skipping step: IDEDistributionAppThinningPlistStep because it said so
2025-07-16 02:03:41 +0000  Processing step: IDEDistributionCompileBitcodeStep
2025-07-16 02:03:41 +0000  Skipping step: IDEDistributionCompileBitcodeStep because it said so
2025-07-16 02:03:41 +0000  Processing step: IDEDistributionCodeSlimmingStep
2025-07-16 02:03:41 +0000  Processing step: IDEDistributionCopyBCSymbolMapsStep
2025-07-16 02:03:41 +0000  Skipping step: IDEDistributionCopyBCSymbolMapsStep because it said so
2025-07-16 02:03:41 +0000  Processing step: IDEDistributionSymbolsStep
2025-07-16 02:03:41 +0000  Skipping step: IDEDistributionSymbolsStep because it said so
2025-07-16 02:03:41 +0000  Processing step: IDEDistributionAppThinningStep
2025-07-16 02:03:41 +0000  Skipping step: IDEDistributionAppThinningStep because it said so
2025-07-16 02:03:41 +0000  Processing step: IDEDistributionArchThinningStep
2025-07-16 02:03:41 +0000  Running /Applications/Xcode.app/Contents/Developer/Toolchains/XcodeDefault.xctoolchain/usr/bin/lipo '/var/folders/3d/1mmtxqrs7_s3r9dg4m9s4q8m0000gp/T/XcodeDistPipeline.~~~fhWrWm/Root/Payload/APP.app/APP' '-verify_arch' 'arm64e'
2025-07-16 02:03:41 +0000  /Applications/Xcode.app/Contents/Developer/Toolchains/XcodeDefault.xctoolchain/usr/bin/lipo exited with 1
2025-07-16 02:03:41 +0000  Skipping architecture thinning for item "APP" because arch "arm64e" wasn't found
2025-07-16 02:03:41 +0000  Processing step: IDEDistributionODRStep
2025-07-16 02:03:41 +0000  Processing step: IDEDistributionStripXattrsStep
2025-07-16 02:03:41 +0000  Running /usr/bin/xattr '-crs' '/var/folders/3d/1mmtxqrs7_s3r9dg4m9s4q8m0000gp/T/XcodeDistPipeline.~~~fhWrWm/Root/Payload/APP.app'
2025-07-16 02:03:41 +0000  /usr/bin/xattr exited with 0
2025-07-16 02:03:41 +0000  Processing step: IDEDistributionCodesignStep
2025-07-16 02:03:41 +0000  Entitlements for <IDEDistributionItem: 0x6000ca72ccc0; bundleID='montanaAI.tv.yavale', path='<DVTFilePath:0x6000ce643240:'/Users/SAGADURAN/Library/Developer/Xcode/Archives/2025-07-16/APP 16-7-25, 03.53.xcarchive/Products/Applications/APP.app'>', codeSigningInfo='<_DVTCodeSigningInformation_Path: 0x60005a19a120; isSigned='1', isAdHocSigned='0', signingCertificate='<DVTSigningCertificate: 0x60003355d600; name='Apple Development: ANTONIO DURÁN MINGORANCE (UAHAFFG6Q3)', hash='A1EDCE47D1F63AD542C1084C9EC5F1BE8DADC878', serialNumber='75B316812DDE1F637C9E442E63049295', certificateKinds='(
    "1.2.840.113635.100.6.1.12",
    "1.2.840.113635.100.6.1.2"
), issueDate='2025-07-11 14:41:28 +0000''>', entitlements='{
    "application-identifier" = "2WULUBTL4D.montanaAI.tv.yavale";
    "com.apple.developer.team-identifier" = 2WULUBTL4D;
    "get-task-allow" = 1;
}', teamID='2WULUBTL4D', identifier='montanaAI.tv.yavale', executablePath='<DVTFilePath:0x6000ce67c3c0:'/Users/SAGADURAN/Library/Developer/Xcode/Archives/2025-07-16/APP 16-7-25, 03.53.xcarchive/Products/Applications/APP.app/APP'>', hardenedRuntime='0'>'>: {
    "application-identifier" = "2WULUBTL4D.montanaAI.tv.yavale";
    "com.apple.developer.team-identifier" = 2WULUBTL4D;
    "get-task-allow" = 0;
}
2025-07-16 02:03:41 +0000  Entitlements for <IDEDistributionItem: 0x6000ca72ccc0; bundleID='montanaAI.tv.yavale', path='<DVTFilePath:0x6000ce643240:'/Users/SAGADURAN/Library/Developer/Xcode/Archives/2025-07-16/APP 16-7-25, 03.53.xcarchive/Products/Applications/APP.app'>', codeSigningInfo='<_DVTCodeSigningInformation_Path: 0x60005a19a120; isSigned='1', isAdHocSigned='0', signingCertificate='<DVTSigningCertificate: 0x600033520c60; name='Apple Development: ANTONIO DURÁN MINGORANCE (UAHAFFG6Q3)', hash='A1EDCE47D1F63AD542C1084C9EC5F1BE8DADC878', serialNumber='75B316812DDE1F637C9E442E63049295', certificateKinds='(
    "1.2.840.113635.100.6.1.12",
    "1.2.840.113635.100.6.1.2"
), issueDate='2025-07-11 14:41:28 +0000''>', entitlements='{
    "application-identifier" = "2WULUBTL4D.montanaAI.tv.yavale";
    "com.apple.developer.team-identifier" = 2WULUBTL4D;
    "get-task-allow" = 1;
}', teamID='2WULUBTL4D', identifier='montanaAI.tv.yavale', executablePath='<DVTFilePath:0x6000ce67c3c0:'/Users/SAGADURAN/Library/Developer/Xcode/Archives/2025-07-16/APP 16-7-25, 03.53.xcarchive/Products/Applications/APP.app/APP'>', hardenedRuntime='0'>'> are: {
    "application-identifier" = "2WULUBTL4D.montanaAI.tv.yavale";
    "com.apple.developer.team-identifier" = 2WULUBTL4D;
    "get-task-allow" = 0;
}
2025-07-16 02:03:41 +0000  Writing entitlements for <IDEDistributionItem: 0x6000ca72ccc0; bundleID='montanaAI.tv.yavale', path='<DVTFilePath:0x6000ce643240:'/Users/SAGADURAN/Library/Developer/Xcode/Archives/2025-07-16/APP 16-7-25, 03.53.xcarchive/Products/Applications/APP.app'>', codeSigningInfo='<_DVTCodeSigningInformation_Path: 0x60005a19a120; isSigned='1', isAdHocSigned='0', signingCertificate='<DVTSigningCertificate: 0x600033529d90; name='Apple Development: ANTONIO DURÁN MINGORANCE (UAHAFFG6Q3)', hash='A1EDCE47D1F63AD542C1084C9EC5F1BE8DADC878', serialNumber='75B316812DDE1F637C9E442E63049295', certificateKinds='(
    "1.2.840.113635.100.6.1.12",
    "1.2.840.113635.100.6.1.2"
), issueDate='2025-07-11 14:41:28 +0000''>', entitlements='{
    "application-identifier" = "2WULUBTL4D.montanaAI.tv.yavale";
    "com.apple.developer.team-identifier" = 2WULUBTL4D;
    "get-task-allow" = 1;
}', teamID='2WULUBTL4D', identifier='montanaAI.tv.yavale', executablePath='<DVTFilePath:0x6000ce67c3c0:'/Users/SAGADURAN/Library/Developer/Xcode/Archives/2025-07-16/APP 16-7-25, 03.53.xcarchive/Products/Applications/APP.app/APP'>', hardenedRuntime='0'>'> to: /var/folders/3d/1mmtxqrs7_s3r9dg4m9s4q8m0000gp/T/XcodeDistPipeline.~~~fhWrWm/entitlements~~~HwDi3c
2025-07-16 02:03:41 +0000  Running /usr/bin/codesign '-vvv' '--force' '--sign' 'A0BF8BED382512F5DA00C26AA6163A1F4286D481' '--entitlements' '/var/folders/3d/1mmtxqrs7_s3r9dg4m9s4q8m0000gp/T/XcodeDistPipeline.~~~fhWrWm/entitlements~~~HwDi3c' '--generate-entitlement-der' '--preserve-metadata=identifier,flags,runtime' '/var/folders/3d/1mmtxqrs7_s3r9dg4m9s4q8m0000gp/T/XcodeDistPipeline.~~~fhWrWm/Root/Payload/APP.app'
2025-07-16 02:03:41 +0000  /var/folders/3d/1mmtxqrs7_s3r9dg4m9s4q8m0000gp/T/XcodeDistPipeline.~~~fhWrWm/Root/Payload/APP.app: replacing existing signature
2025-07-16 02:03:52 +0000  /var/folders/3d/1mmtxqrs7_s3r9dg4m9s4q8m0000gp/T/XcodeDistPipeline.~~~fhWrWm/Root/Payload/APP.app: signed app bundle with Mach-O thin (arm64) [montanaAI.tv.yavale]
2025-07-16 02:03:52 +0000  /usr/bin/codesign exited with 0
2025-07-16 02:03:52 +0000  Processing step: IDEDistributionZipODRItemStep
2025-07-16 02:03:52 +0000  Skipping step: IDEDistributionZipODRItemStep because it said so
2025-07-16 02:03:52 +0000  Processing step: IDEDistributionCreateIPAStep
2025-07-16 02:03:52 +0000  Running /usr/bin/ditto '-V' '-c' '-k' '--norsrc' '/var/folders/3d/1mmtxqrs7_s3r9dg4m9s4q8m0000gp/T/XcodeDistPipeline.~~~fhWrWm/Root' '/var/folders/3d/1mmtxqrs7_s3r9dg4m9s4q8m0000gp/T/XcodeDistPipeline.~~~fhWrWm/Packages/APP.ipa'
2025-07-16 02:03:53 +0000  >>> Copying /var/folders/3d/1mmtxqrs7_s3r9dg4m9s4q8m0000gp/T/XcodeDistPipeline.~~~fhWrWm/Root 
2025-07-16 02:03:53 +0000  copying file ./Payload/APP.app/_CodeSignature/CodeResources ... 
2025-07-16 02:03:53 +0000  2815 bytes for ./Payload/APP.app/_CodeSignature/CodeResources
2025-07-16 02:03:53 +0000  copying file ./Payload/APP.app/yavale.momd/VersionInfo.plist ... 
2025-07-16 02:03:53 +0000  193 bytes for ./Payload/APP.app/yavale.momd/VersionInfo.plist
2025-07-16 02:03:53 +0000  copying file ./Payload/APP.app/yavale.momd/yavale.mom ... 
2025-07-16 02:03:53 +0000  1312 bytes for ./Payload/APP.app/yavale.momd/yavale.mom
2025-07-16 02:03:53 +0000  copying file ./Payload/APP.app/yavale.momd/yavale.omo ... 
2025-07-16 02:03:53 +0000  1944 bytes for ./Payload/APP.app/yavale.momd/yavale.omo
2025-07-16 02:03:53 +0000  copying file ./Payload/APP.app/APP ... 
2025-07-16 02:03:53 +0000  124464 bytes for ./Payload/APP.app/APP
2025-07-16 02:03:53 +0000  copying file ./Payload/APP.app/embedded.mobileprovision ... 
2025-07-16 02:03:53 +0000  18683 bytes for ./Payload/APP.app/embedded.mobileprovision
2025-07-16 02:03:53 +0000  copying file ./Payload/APP.app/Info.plist ... 
1205 bytes for ./Payload/APP.app/Info.plist
copying file ./Payload/APP.app/PkgInfo ... 
2025-07-16 02:03:53 +0000  8 bytes for ./Payload/APP.app/PkgInfo
2025-07-16 02:03:53 +0000  /usr/bin/ditto exited with 0
2025-07-16 02:03:53 +0000  Processing step: IDEDistributionAppStoreInformationStep
2025-07-16 02:03:53 +0000  Skipping step: IDEDistributionAppStoreInformationStep because it said so
2025-07-16 02:03:53 +0000  Processing step: IDEDistributionGenerateProcessedDistributionItems
2025-07-16 02:03:53 +0000  IDEDistributionItem init <DVTFilePath:0x6000ce676160:'/var/folders/3d/1mmtxqrs7_s3r9dg4m9s4q8m0000gp/T/XcodeDistPipeline.~~~fhWrWm/Root/Payload/APP.app'>
2025-07-16 02:03:53 +0000  Processing step: IDEDistributionCreateManifestStep
